TN:
SF:src/AuthorizedWriters.sol
DA:74,62521
FN:74,AuthorizedWriters.onlyWriter
FNDA:62521,AuthorizedWriters.onlyWriter
DA:75,62521
BRDA:75,0,0,31276
DA:80,102842
FN:80,AuthorizedWriters.onlyAdmin
FNDA:102842,AuthorizedWriters.onlyAdmin
DA:81,102842
BRDA:81,1,0,514
DA:90,348
FN:90,AuthorizedWriters.constructor
FNDA:348,AuthorizedWriters.constructor
DA:91,348
DA:92,348
DA:100,52337
FN:100,AuthorizedWriters._addWriter
FNDA:52337,AuthorizedWriters._addWriter
DA:101,52337
BRDA:101,2,0,1
DA:102,7595
BRDA:102,3,0,7595
DA:103,44741
DA:104,44741
DA:110,38849
FN:110,AuthorizedWriters._removeWriter
FNDA:38849,AuthorizedWriters._removeWriter
DA:111,38849
BRDA:111,4,0,389
DA:112,38460
DA:113,38460
DA:120,4398
FN:120,AuthorizedWriters._transferAdmin
FNDA:4398,AuthorizedWriters._transferAdmin
DA:121,4398
BRDA:121,5,0,1
DA:122,4397
DA:123,4397
DA:124,4397
FNF:6
FNH:6
LF:21
LH:21
BRF:6
BRH:6
end_of_record
TN:
SF:src/PolicyRegistry.sol
DA:130,41387
FN:130,PolicyRegistry.onlyPolicyOwner
FNDA:41387,PolicyRegistry.onlyPolicyOwner
DA:131,41387
DA:132,41387
BRDA:132,0,0,1
DA:133,41386
BRDA:133,1,0,15413
DA:152,79546
FN:152,PolicyRegistry.registerPolicy
FNDA:79546,PolicyRegistry.registerPolicy
DA:156,79546
BRDA:156,2,0,1
DA:157,79545
BRDA:157,3,0,1
DA:159,79544
DA:162,79544
BRDA:162,4,0,2
DA:164,79542
DA:165,79542
DA:168,79542
BRDA:168,5,0,1
DA:170,79541
DA:171,79541
DA:180,79541
DA:190,76119
FN:190,PolicyRegistry.updatePolicy
FNDA:76119,PolicyRegistry.updatePolicy
DA:194,76119
BRDA:194,6,0,1
DA:196,76118
DA:199,76118
BRDA:199,7,0,1
DA:201,76117
DA:202,76117
DA:203,76117
DA:205,76117
DA:206,76117
DA:207,76117
DA:209,76117
DA:217,50550
FN:217,PolicyRegistry.pausePolicy
FNDA:50550,PolicyRegistry.pausePolicy
DA:218,50550
DA:219,50550
BRDA:219,8,0,1
DA:220,50549
DA:221,50549
DA:229,25973
FN:229,PolicyRegistry.resumePolicy
FNDA:25973,PolicyRegistry.resumePolicy
DA:230,25973
DA:231,25973
BRDA:231,9,0,1
DA:232,25972
DA:233,25972
DA:239,153286
FN:239,PolicyRegistry.getPolicy
FNDA:153286,PolicyRegistry.getPolicy
DA:240,153286
DA:241,153286
BRDA:241,10,0,1
DA:242,153285
DA:248,3
FN:248,PolicyRegistry.exists
FNDA:3,PolicyRegistry.exists
DA:249,3
DA:260,264
FN:260,PolicyRegistry.isUsable
FNDA:264,PolicyRegistry.isUsable
DA:261,264
DA:270,264
DA:272,264
DA:282,82437
FN:282,PolicyRegistry.previewPolicyId
FNDA:82437,PolicyRegistry.previewPolicyId
DA:283,82437
DA:289,2
FN:289,PolicyRegistry.nextPolicyId
FNDA:2,PolicyRegistry.nextPolicyId
DA:290,2
FNF:10
FNH:10
LF:50
LH:50
BRF:11
BRH:11
end_of_record
TN:
SF:src/SpendIntentRegistry.sol
DA:136,34064
FN:136,SpendIntentRegistry.registerIntent
FNDA:34064,SpendIntentRegistry.registerIntent
DA:141,34064
BRDA:141,0,0,1
DA:142,34063
BRDA:142,1,0,1
DA:143,34062
DA:145,34062
DA:149,34062
BRDA:149,2,0,2
DA:151,34060
DA:152,34060
BRDA:152,3,0,1
DA:154,34059
DA:161,34059
DA:173,31242
FN:173,SpendIntentRegistry.setStatus
FNDA:31242,SpendIntentRegistry.setStatus
DA:174,31242
BRDA:174,4,0,2
DA:175,31240
DA:176,31240
DA:177,31240
BRDA:177,5,0,1
DA:179,31239
DA:180,31239
DA:190,32966
FN:190,SpendIntentRegistry.addWriter
FNDA:32966,SpendIntentRegistry.addWriter
DA:191,32966
DA:198,31345
FN:198,SpendIntentRegistry.removeWriter
FNDA:31345,SpendIntentRegistry.removeWriter
DA:199,31345
DA:207,2
FN:207,SpendIntentRegistry.transferAdmin
FNDA:2,SpendIntentRegistry.transferAdmin
DA:208,2
DA:214,266
FN:214,SpendIntentRegistry.getIntent
FNDA:266,SpendIntentRegistry.getIntent
DA:215,266
DA:216,266
BRDA:216,6,0,1
DA:217,265
DA:223,2110
FN:223,SpendIntentRegistry.exists
FNDA:2110,SpendIntentRegistry.exists
DA:224,2110
DA:235,4
FN:235,SpendIntentRegistry.isExpired
FNDA:4,SpendIntentRegistry.isExpired
DA:237,4
DA:239,4
DA:250,6
FN:250,SpendIntentRegistry.isUsable
FNDA:6,SpendIntentRegistry.isUsable
DA:251,6
DA:253,6
DA:255,6
DA:264,513
FN:264,SpendIntentRegistry.previewIntentHash
FNDA:513,SpendIntentRegistry.previewIntentHash
DA:269,513
FNF:10
FNH:10
LF:38
LH:38
BRF:7
BRH:7
end_of_record
TN:
SF:src/UntchReceipts.sol
DA:233,303
FN:233,UntchReceipts.constructor
FNDA:303,UntchReceipts.constructor
DA:234,303
BRDA:234,0,0,1
DA:235,302
DA:248,134625
FN:248,UntchReceipts.logReceipts
FNDA:134625,UntchReceipts.logReceipts
DA:253,134625
DA:254,134625
BRDA:254,1,0,1
DA:256,134624
DA:257,291073
DA:258,291073
DA:278,134624
DA:279,134624
DA:290,2
FN:290,UntchReceipts.anchorScore
FNDA:2,UntchReceipts.anchorScore
DA:291,2
BRDA:291,2,0,1
DA:292,1
DA:301,3
FN:301,UntchReceipts.anchorAudit
FNDA:3,UntchReceipts.anchorAudit
DA:302,3
BRDA:302,3,0,1
DA:303,2
DA:315,110117
FN:315,UntchReceipts.propose
FNDA:110117,UntchReceipts.propose
DA:316,110117
BRDA:316,4,0,1
DA:317,110116
BRDA:317,5,0,1
DA:318,110115
DA:319,110115
BRDA:319,6,0,40358
DA:325,69757
DA:326,69757
DA:327,69757
DA:339,114969
FN:339,UntchReceipts.execute
FNDA:114969,UntchReceipts.execute
DA:340,114969
DA:341,114969
DA:342,114969
BRDA:342,7,0,32130
DA:345,82839
DA:347,82839
BRDA:347,8,0,51568
DA:350,31271
BRDA:350,9,0,19371
BRDA:350,9,1,4396
DA:351,11900
BRDA:351,10,0,7504
BRDA:351,10,1,4396
DA:352,4396
DA:354,31271
DA:362,70983
FN:362,UntchReceipts.cancel
FNDA:70983,UntchReceipts.cancel
DA:363,70983
DA:364,70983
BRDA:364,11,0,31378
DA:366,39605
DA:377,521501
FN:377,UntchReceipts.opId
FNDA:521501,UntchReceipts.opId
DA:378,521501
FNF:8
FNH:8
LF:41
LH:41
BRF:14
BRH:14
end_of_record
TN:
SF:src/UntchVault.sol
DA:288,176813
FN:288,UntchVault.onlyOwner
FNDA:176813,UntchVault.onlyOwner
DA:289,176813
BRDA:289,0,0,59411
DA:295,392557
FN:295,UntchVault.nonReentrant
FNDA:392557,UntchVault.nonReentrant
DA:296,392557
BRDA:296,1,0,99446
DA:297,293111
DA:299,99978
DA:303,293111
FN:303,UntchVault.whenNotPaused
FNDA:293111,UntchVault.whenNotPaused
DA:304,63132
BRDA:304,2,0,63132
DA:321,367
FN:321,UntchVault.constructor
FNDA:367,UntchVault.constructor
DA:331,367
BRDA:331,3,0,1
DA:332,1
DA:334,364
BRDA:334,4,0,4
DA:335,360
BRDA:335,5,0,2
DA:336,358
BRDA:336,6,0,1
DA:337,1
DA:340,357
DA:341,370
DA:342,370
BRDA:342,7,0,1
DA:343,369
DA:346,356
DA:347,356
DA:348,356
DA:349,356
DA:350,356
DA:351,356
DA:352,356
DA:355,356
DA:356,356
DA:358,356
DA:359,356
DA:361,356
DA:363,356
DA:372,3763
FN:372,UntchVault.deposit
FNDA:3763,UntchVault.deposit
DA:373,3763
BRDA:373,8,0,1
DA:374,3762
BRDA:374,9,0,1
DA:375,3761
DA:376,3761
DA:396,229979
FN:396,UntchVault.spend
FNDA:229979,UntchVault.spend
DA:406,229979
DA:408,229979
BRDA:408,10,0,257
DA:409,1
BRDA:409,11,0,1
DA:411,229721
DA:412,229721
DA:413,229720
BRDA:413,12,0,42095
DA:415,187625
BRDA:415,13,0,42977
DA:416,144648
DA:417,144648
DA:418,144648
BRDA:418,14,0,1256
DA:419,143392
BRDA:419,15,0,1
DA:422,143391
DA:423,143391
DA:424,143391
DA:432,143391
BRDA:432,16,0,41981
DA:433,41981
DA:435,101406
DA:436,101406
DA:451,102175
FN:451,UntchVault.spendFallback
FNDA:102175,UntchVault.spendFallback
DA:457,102175
DA:458,102175
BRDA:458,17,0,1
DA:459,102174
BRDA:459,18,0,1
DA:460,102173
BRDA:460,19,0,1
DA:461,102172
BRDA:461,20,0,1
DA:464,102171
DA:465,102171
DA:466,102171
BRDA:466,21,0,626
DA:469,101545
DA:470,101545
DA:473,101545
DA:474,101545
DA:484,117402
FN:484,UntchVault.ownerWithdraw
FNDA:117402,UntchVault.ownerWithdraw
DA:485,117402
BRDA:485,22,0,1
DA:486,117401
DA:487,117401
DA:496,7
FN:496,UntchVault.transferOwnership
FNDA:7,UntchVault.transferOwnership
DA:497,7
DA:498,7
DA:503,6
FN:503,UntchVault.acceptOwnership
FNDA:6,UntchVault.acceptOwnership
DA:504,6
BRDA:504,23,0,3
DA:505,3
DA:506,3
DA:507,3
DA:508,3
DA:514,2
FN:514,UntchVault.setOracle
FNDA:2,UntchVault.setOracle
DA:515,2
BRDA:515,24,0,1
DA:516,1
DA:517,1
DA:518,1
DA:522,82928
FN:522,UntchVault.pause
FNDA:82928,UntchVault.pause
DA:523,82928
DA:524,82928
DA:528,82539
FN:528,UntchVault.unpause
FNDA:82539,UntchVault.unpause
DA:529,82539
DA:530,82539
DA:537,117607
FN:537,UntchVault.setFallbackAllowlist
FNDA:117607,UntchVault.setFallbackAllowlist
DA:538,117607
BRDA:538,25,0,1
DA:539,117606
DA:540,117606
DA:547,522836
FN:547,UntchVault.domainSeparator
FNDA:522836,UntchVault.domainSeparator
DA:548,522836
BRDA:548,26,0,522833
DA:549,3
DA:561,293113
FN:561,UntchVault.spendDigest
FNDA:293113,UntchVault.spendDigest
DA:569,293113
DA:575,260
FN:575,UntchVault.epochOf
FNDA:260,UntchVault.epochOf
DA:576,260
DA:585,246819
FN:585,UntchVault._epochView
FNDA:246819,UntchVault._epochView
DA:586,246819
DA:588,246819
DA:593,522834
FN:593,UntchVault._spendDigest
FNDA:522834,UntchVault._spendDigest
DA:601,522834
DA:604,522834
DA:608,359
FN:608,UntchVault._buildDomainSeparator
FNDA:359,UntchVault._buildDomainSeparator
DA:609,359
DA:610,359
FNF:20
FNH:20
LF:113
LH:113
BRF:27
BRH:27
end_of_record
TN:
SF:src/UntchVaultFactory.sol
DA:107,274
FN:107,UntchVaultFactory.deployVault
FNDA:274,UntchVaultFactory.deployVault
DA:117,274
BRDA:117,0,0,1
DA:118,1
DA:120,273
BRDA:120,1,0,1
DA:122,272
DA:125,272
DA:129,0
DA:132,272
BRDA:132,2,0,4
DA:135,4
BRDA:135,3,0,1
DA:136,1
DA:138,3
DA:141,268
DA:157,262
FN:157,UntchVaultFactory.computeVaultAddress
FNDA:262,UntchVaultFactory.computeVaultAddress
DA:167,262
DA:178,262
DA:185,18
FN:185,UntchVaultFactory.constructor
FNDA:18,UntchVaultFactory.constructor
DA:186,18
BRDA:186,4,0,1
DA:187,17
DA:197,534
FN:197,UntchVaultFactory._vaultInitCode
FNDA:534,UntchVaultFactory._vaultInitCode
DA:213,534
DA:230,266
FN:230,UntchVaultFactory._computeAddress
FNDA:266,UntchVaultFactory._computeAddress
DA:231,266
DA:243,534
FN:243,UntchVaultFactory._salt
FNDA:534,UntchVaultFactory._salt
DA:244,534
FNF:6
FNH:6
LF:24
LH:23
BRF:5
BRH:5
end_of_record
TN:
SF:src/lib/IntentHash.sol
DA:35,35615
FN:35,IntentHash.hashIntent
FNDA:35615,IntentHash.hashIntent
DA:36,35615
FNF:1
FNH:1
LF:2
LH:2
BRF:0
BRH:0
end_of_record
TN:
SF:test/PolicyRegistry.invariant.t.sol
DA:26,3
FN:26,PolicyRegistryHandler.constructor
FNDA:3,PolicyRegistryHandler.constructor
DA:27,3
DA:28,3
DA:31,0
FN:31,PolicyRegistryHandler.count
FNDA:0,PolicyRegistryHandler.count
DA:32,0
DA:35,0
FN:35,PolicyRegistryHandler.idAt
FNDA:0,PolicyRegistryHandler.idAt
DA:36,0
DA:39,153528
FN:39,PolicyRegistryHandler._actor
FNDA:153528,PolicyRegistryHandler._actor
DA:40,153528
DA:43,308862
FN:43,PolicyRegistryHandler._pick
FNDA:308862,PolicyRegistryHandler._pick
DA:44,308862
BRDA:44,0,0,2844
DA:45,306018
DA:48,76638
FN:48,PolicyRegistryHandler.register
FNDA:76638,PolicyRegistryHandler.register
DA:51,76638
DA:52,76638
BRDA:52,1,0,39
DA:53,76638
BRDA:53,2,0,27
DA:54,76638
DA:56,76638
DA:57,76638
DA:59,76638
BRDA:59,3,0,76638
DA:60,76638
DA:61,76638
DA:62,76638
DA:66,76893
FN:66,PolicyRegistryHandler.updateByOwner
FNDA:76893,PolicyRegistryHandler.updateByOwner
DA:67,76893
DA:68,76893
BRDA:68,4,0,783
DA:69,76110
BRDA:69,5,0,45
DA:70,76110
DA:72,76110
DA:73,76110
DA:76,77619
FN:76,PolicyRegistryHandler.pauseByOwner
FNDA:77619,PolicyRegistryHandler.pauseByOwner
DA:77,77619
DA:78,77619
BRDA:78,6,0,741
DA:79,76878
BRDA:79,7,0,26591
DA:81,50287
DA:82,50287
DA:85,76833
FN:85,PolicyRegistryHandler.resumeByOwner
FNDA:76833,PolicyRegistryHandler.resumeByOwner
DA:86,76833
DA:87,76833
BRDA:87,8,0,693
DA:88,76140
BRDA:88,9,0,50170
DA:90,25970
DA:91,25970
DA:96,77517
FN:96,PolicyRegistryHandler.attackMutate
FNDA:77517,PolicyRegistryHandler.attackMutate
DA:103,77517
DA:104,77517
BRDA:104,10,0,627
DA:105,76890
DA:106,76890
BRDA:106,11,0,19564
DA:108,57326
BRDA:108,12,0,40
DA:109,57326
DA:110,57326
DA:112,57326
DA:113,57326
BRDA:113,13,0,24302
BRDA:113,13,1,0
DA:114,24302
BRDA:114,14,0,24302
DA:115,0
DA:117,33024
BRDA:117,15,0,17868
BRDA:117,15,1,0
DA:118,17868
BRDA:118,16,0,17868
DA:119,0
DA:122,15156
BRDA:122,17,0,15156
DA:123,0
DA:126,57326
FNF:10
FNH:8
LF:60
LH:53
BRF:20
BRH:18
end_of_record
TN:
SF:test/SpendIntentRegistry.invariant.t.sol
DA:36,3
FN:36,SpendIntentRegistryHandler.constructor
FNDA:3,SpendIntentRegistryHandler.constructor
DA:37,3
DA:38,3
DA:41,3
FN:41,SpendIntentRegistryHandler.registry
FNDA:3,SpendIntentRegistryHandler.registry
DA:42,3
DA:45,0
FN:45,SpendIntentRegistryHandler.actorAt
FNDA:0,SpendIntentRegistryHandler.actorAt
DA:46,0
DA:49,0
FN:49,SpendIntentRegistryHandler.count
FNDA:0,SpendIntentRegistryHandler.count
DA:50,0
DA:53,0
FN:53,SpendIntentRegistryHandler.hashAt
FNDA:0,SpendIntentRegistryHandler.hashAt
DA:54,0
DA:57,379624
FN:57,SpendIntentRegistryHandler._actor
FNDA:379624,SpendIntentRegistryHandler._actor
DA:58,379624
DA:61,128505
FN:61,SpendIntentRegistryHandler._pick
FNDA:128505,SpendIntentRegistryHandler._pick
DA:62,128505
BRDA:62,0,0,5876
DA:63,122629
DA:66,64151
FN:66,SpendIntentRegistryHandler._mkIntent
FNDA:64151,SpendIntentRegistryHandler._mkIntent
DA:71,64151
DA:86,64305
FN:86,SpendIntentRegistryHandler.authorizeWriter
FNDA:64305,SpendIntentRegistryHandler.authorizeWriter
DA:87,64305
DA:88,31385
BRDA:88,1,0,31385
DA:89,32920
DA:90,32920
DA:93,64272
FN:93,SpendIntentRegistryHandler.deauthorizeWriter
FNDA:64272,SpendIntentRegistryHandler.deauthorizeWriter
DA:94,64272
DA:95,64272
BRDA:95,2,0,32929
DA:96,31343
DA:97,31343
DA:100,64380
FN:100,SpendIntentRegistryHandler.register
FNDA:64380,SpendIntentRegistryHandler.register
DA:107,64380
DA:108,64380
BRDA:108,3,0,32953
DA:109,31427
BRDA:109,4,0,494
DA:110,31427
DA:112,31427
DA:113,31427
DA:114,31427
DA:116,31427
BRDA:116,5,0,31427
DA:117,31427
DA:118,31427
DA:119,31427
DA:120,31427
DA:121,31427
DA:125,64518
FN:125,SpendIntentRegistryHandler.setStatus
FNDA:64518,SpendIntentRegistryHandler.setStatus
DA:126,64518
DA:127,64518
BRDA:127,6,0,2864
DA:128,61654
DA:129,61654
BRDA:129,7,0,30423
DA:131,31231
DA:132,31231
DA:133,31231
DA:137,64038
FN:137,SpendIntentRegistryHandler.attackRegister
FNDA:64038,SpendIntentRegistryHandler.attackRegister
DA:140,64038
DA:141,31314
BRDA:141,8,0,31314
DA:142,32724
BRDA:142,9,0,468
DA:143,32724
DA:144,32724
DA:146,32724
DA:147,32724
DA:148,32724
BRDA:148,10,0,32724
DA:149,0
DA:154,63987
FN:154,SpendIntentRegistryHandler.attackSetStatus
FNDA:63987,SpendIntentRegistryHandler.attackSetStatus
DA:155,63987
DA:156,63987
BRDA:156,11,0,3012
DA:157,60975
DA:158,30213
BRDA:158,12,0,30213
DA:159,30762
DA:160,30762
DA:162,30762
DA:163,30762
BRDA:163,13,0,30762
DA:164,0
FNF:14
FNH:11
LF:70
LH:62
BRF:14
BRH:14
end_of_record
TN:
SF:test/UntchReceipts.invariant.t.sol
DA:47,5
FN:47,UntchReceiptsHandler.constructor
FNDA:5,UntchReceiptsHandler.constructor
DA:48,5
DA:49,5
DA:50,5
DA:53,5
FN:53,UntchReceiptsHandler.receipts
FNDA:5,UntchReceiptsHandler.receipts
DA:54,5
DA:57,0
FN:57,UntchReceiptsHandler.actorAt
FNDA:0,UntchReceiptsHandler.actorAt
DA:58,0
DA:61,0
FN:61,UntchReceiptsHandler.opCount
FNDA:0,UntchReceiptsHandler.opCount
DA:62,0
DA:65,0
FN:65,UntchReceiptsHandler.opIdAt
FNDA:0,UntchReceiptsHandler.opIdAt
DA:66,0
DA:69,517700
FN:69,UntchReceiptsHandler._actor
FNDA:517700,UntchReceiptsHandler._actor
DA:70,517700
DA:76,358605
FN:76,UntchReceiptsHandler._op
FNDA:358605,UntchReceiptsHandler._op
DA:81,358605
DA:82,358605
DA:83,358605
DA:86,69443
FN:86,UntchReceiptsHandler._recordProposed
FNDA:69443,UntchReceiptsHandler._recordProposed
DA:87,69443
DA:88,69443
BRDA:88,0,0,11565
DA:89,11565
DA:90,11565
DA:96,72075
FN:96,UntchReceiptsHandler.proposeOp
FNDA:72075,UntchReceiptsHandler.proposeOp
DA:97,72075
DA:98,72075
BRDA:98,1,0,72075
DA:99,31718
DA:103,72020
FN:103,UntchReceiptsHandler.executeOp
FNDA:72020,UntchReceiptsHandler.executeOp
DA:104,72020
DA:105,72020
DA:106,72020
DA:109,12572
DA:110,72020
BRDA:110,2,0,19339
DA:112,72020
BRDA:112,3,0,72020
DA:115,12572
BRDA:115,4,0,0
DA:116,12572
DA:117,12572
BRDA:117,5,0,1063
BRDA:117,5,1,7114
DA:118,11509
BRDA:118,6,0,7114
DA:119,12572
DA:123,70980
FN:123,UntchReceiptsHandler.cancelOp
FNDA:70980,UntchReceiptsHandler.cancelOp
DA:124,70980
DA:125,70980
DA:126,70980
BRDA:126,7,0,70980
DA:127,39603
DA:131,70480
FN:131,UntchReceiptsHandler.warpTime
FNDA:70480,UntchReceiptsHandler.warpTime
DA:132,70480
DA:134,70480
DA:139,71460
FN:139,UntchReceiptsHandler.logBatch
FNDA:71460,UntchReceiptsHandler.logBatch
DA:140,71460
DA:141,71460
BRDA:141,8,0,10480
DA:142,60980
DA:143,60980
DA:144,60980
DA:145,214970
DA:147,60980
DA:148,60980
DA:149,60980
DA:158,71215
FN:158,UntchReceiptsHandler.happyPath
FNDA:71215,UntchReceiptsHandler.happyPath
DA:159,71215
DA:160,71215
BRDA:160,9,0,10670
DA:161,10670
DA:162,10670
BRDA:162,10,0,5753
DA:163,5753
DA:164,5753
DA:166,10670
DA:167,10670
DA:168,10670
BRDA:168,11,0,7540
DA:169,7540
DA:170,7540
DA:172,10670
DA:173,10670
BRDA:173,12,0,0
DA:174,10670
DA:175,10670
DA:176,10670
DA:178,71215
DA:180,71215
DA:181,71215
DA:182,71215
DA:183,71215
DA:188,70740
FN:188,UntchReceiptsHandler.attackNonWriterLog
FNDA:70740,UntchReceiptsHandler.attackNonWriterLog
DA:189,70740
DA:190,60528
BRDA:190,13,0,60528
DA:191,10212
DA:192,10212
DA:193,10212
BRDA:193,14,0,10212
DA:194,0
DA:203,71755
FN:203,UntchReceiptsHandler.attackExecuteImmediately
FNDA:71755,UntchReceiptsHandler.attackExecuteImmediately
DA:204,71755
DA:205,71755
DA:206,71755
BRDA:206,15,0,39783
DA:207,31972
DA:208,31972
DA:210,0
DA:211,31972
DA:212,31972
DA:213,31972
BRDA:213,16,0,31972
DA:215,0
BRDA:215,17,0,-
BRDA:215,17,1,-
DA:216,0
DA:218,0
DA:219,0
DA:224,71775
FN:224,UntchReceiptsHandler.attackNonAdminTimelock
FNDA:71775,UntchReceiptsHandler.attackNonAdminTimelock
DA:225,71775
DA:226,71775
BRDA:226,18,0,0
DA:227,71775
DA:228,71775
DA:229,71775
BRDA:229,19,0,71775
DA:230,0
DA:232,71775
DA:233,71775
BRDA:233,20,0,71775
DA:234,0
FNF:17
FNH:14
LF:110
LH:96
BRF:23
BRH:18
end_of_record
TN:
SF:test/UntchVault.invariant.t.sol
DA:58,5
FN:58,UntchVaultHandler.constructor
FNDA:5,UntchVaultHandler.constructor
DA:59,5
DA:60,5
DA:61,5
DA:63,5
DA:64,5
DA:65,5
DA:75,5
DA:76,5
DA:77,5
DA:78,5
DA:79,5
DA:82,291795
FN:82,UntchVaultHandler._freshNonce
FNDA:291795,UntchVaultHandler._freshNonce
DA:83,291795
DA:86,234435
FN:86,UntchVaultHandler._sign
FNDA:234435,UntchVaultHandler._sign
DA:93,234435
DA:96,234435
DA:97,234435
DA:105,58100
FN:105,UntchVaultHandler.legitSpend
FNDA:58100,UntchVaultHandler.legitSpend
DA:106,58100
DA:107,58100
DA:108,58100
DA:109,58100
DA:110,58100
DA:111,58100
DA:113,58100
DA:116,58100
DA:118,58100
BRDA:118,0,0,58100
DA:119,40075
DA:120,40075
DA:121,18025
BRDA:121,0,1,18025
DA:122,18025
DA:126,58225
FN:126,UntchVaultHandler.legitFallback
FNDA:58225,UntchVaultHandler.legitFallback
DA:127,58225
DA:128,58225
DA:129,58225
BRDA:129,1,0,58225
DA:130,40776
DA:131,40776
DA:135,58885
FN:135,UntchVaultHandler.legitWithdraw
FNDA:58885,UntchVaultHandler.legitWithdraw
DA:136,58885
DA:137,58885
BRDA:137,2,0,859
DA:138,58026
DA:139,58026
DA:140,58026
DA:141,58026
DA:144,57540
FN:144,UntchVaultHandler.warpTime
FNDA:57540,UntchVaultHandler.warpTime
DA:145,57540
DA:147,57540
DA:150,57985
FN:150,UntchVaultHandler.togglePause
FNDA:57985,UntchVaultHandler.togglePause
DA:151,57985
BRDA:151,3,0,31967
BRDA:151,3,1,0
DA:152,31967
BRDA:152,4,0,23551
DA:154,26018
BRDA:154,5,0,6916
DA:160,57360
FN:160,UntchVaultHandler.attackBadSigner
FNDA:57360,UntchVaultHandler.attackBadSigner
DA:161,57360
DA:162,57360
DA:163,57360
BRDA:163,6,0,0
DA:164,57360
DA:165,57360
DA:166,57360
DA:167,57360
DA:168,57360
DA:169,57360
DA:170,57360
DA:171,57360
BRDA:171,7,0,57360
DA:174,0
DA:178,58415
FN:178,UntchVaultHandler.attackOverCap
FNDA:58415,UntchVaultHandler.attackOverCap
DA:179,58415
DA:180,58415
DA:181,58415
DA:182,58415
DA:183,58415
DA:184,58415
DA:185,58415
DA:186,58415
BRDA:186,8,0,58415
DA:187,0
DA:191,58550
FN:191,UntchVaultHandler.attackUnapprovedIntent
FNDA:58550,UntchVaultHandler.attackUnapprovedIntent
DA:192,58550
DA:193,58550
DA:194,58550
DA:195,58550
DA:196,58550
DA:197,58550
DA:198,58550
BRDA:198,9,0,58550
DA:199,0
DA:203,59410
FN:203,UntchVaultHandler.attackNonOwnerWithdraw
FNDA:59410,UntchVaultHandler.attackNonOwnerWithdraw
DA:204,59410
DA:205,59410
DA:206,59410
DA:207,59410
BRDA:207,10,0,59410
DA:208,0
DA:212,58660
FN:212,UntchVaultHandler.attackNonOwnerFallback
FNDA:58660,UntchVaultHandler.attackNonOwnerFallback
DA:213,58660
DA:214,58660
DA:215,58660
DA:216,58660
BRDA:216,11,0,58660
DA:217,0
DA:227,59370
FN:227,UntchVaultHandler.happyPath
FNDA:59370,UntchVaultHandler.happyPath
DA:229,59370
DA:230,59370
BRDA:230,12,0,16251
DA:233,59370
BRDA:233,13,0,3673
DA:234,3673
DA:235,3673
BRDA:235,14,0,3673
DA:236,3673
DA:237,3673
DA:242,59370
DA:243,59370
DA:244,59370
DA:245,59370
DA:246,59370
DA:247,59370
DA:248,59370
DA:251,59370
DA:252,59370
DA:253,59370
DA:254,59370
DA:257,59370
DA:258,59370
DA:259,59370
BRDA:259,15,0,59370
DA:260,59370
DA:261,59370
DA:262,59370
DA:263,59370
DA:265,59370
DA:268,59370
DA:269,59370
DA:270,59370
DA:271,59370
FNF:14
FNH:14
LF:127
LH:122
BRF:18
BRH:16
end_of_record
TN:
SF:test/mocks/VaultMocks.sol
DA:21,82
FN:21,MockERC20.mint.0
FNDA:82,MockERC20.mint.0
DA:22,82
DA:23,82
DA:24,82
DA:27,81
FN:27,MockERC20.approve.0
FNDA:81,MockERC20.approve.0
DA:28,81
DA:29,81
DA:30,81
DA:33,537
FN:33,MockERC20.transfer.0
FNDA:537,MockERC20.transfer.0
DA:34,537
DA:35,537
DA:38,80
FN:38,MockERC20.transferFrom.0
FNDA:80,MockERC20.transferFrom.0
DA:39,80
DA:40,80
BRDA:40,0,0,0
BRDA:40,0,1,0
DA:41,80
BRDA:41,1,0,1
DA:42,80
DA:43,80
DA:46,617
FN:46,MockERC20._transfer
FNDA:617,MockERC20._transfer
DA:47,617
DA:48,617
BRDA:48,2,0,0
BRDA:48,2,1,0
DA:49,617
DA:50,617
DA:51,617
DA:63,1
FN:63,MockERC20NoReturn.mint.1
FNDA:1,MockERC20NoReturn.mint.1
DA:64,1
DA:67,1
FN:67,MockERC20NoReturn.approve.1
FNDA:1,MockERC20NoReturn.approve.1
DA:68,1
DA:71,1
FN:71,MockERC20NoReturn.transfer.1
FNDA:1,MockERC20NoReturn.transfer.1
DA:72,1
DA:73,1
BRDA:73,3,0,0
BRDA:73,3,1,0
DA:74,1
DA:75,1
DA:78,1
FN:78,MockERC20NoReturn.transferFrom.1
FNDA:1,MockERC20NoReturn.transferFrom.1
DA:79,1
DA:80,1
BRDA:80,4,0,0
BRDA:80,4,1,0
DA:81,1
DA:82,1
DA:83,1
BRDA:83,5,0,0
BRDA:83,5,1,0
DA:84,1
DA:85,1
DA:107,6
FN:107,ReentrantToken.setVault.0
FNDA:6,ReentrantToken.setVault.0
DA:108,6
DA:111,135496
FN:111,ReentrantToken.arm
FNDA:135496,ReentrantToken.arm
DA:112,135496
DA:113,135496
DA:116,6
FN:116,ReentrantToken.mint.2
FNDA:6,ReentrantToken.mint.2
DA:117,6
DA:120,6
FN:120,ReentrantToken.approve.2
FNDA:6,ReentrantToken.approve.2
DA:121,6
DA:122,0
DA:125,3679
FN:125,ReentrantToken.transferFrom.2
FNDA:3679,ReentrantToken.transferFrom.2
DA:126,3679
DA:127,3679
BRDA:127,6,0,0
DA:128,3679
DA:129,0
DA:132,319813
FN:132,ReentrantToken.transfer.2
FNDA:319813,ReentrantToken.transfer.2
DA:133,319813
DA:134,105398
BRDA:134,7,0,105398
DA:135,105398
DA:136,105398
DA:137,105398
DA:138,105398
DA:139,0
BRDA:139,8,0,-
DA:141,316988
DA:144,323492
FN:144,ReentrantToken._move.0
FNDA:323492,ReentrantToken._move.0
DA:145,323492
DA:146,323492
BRDA:146,9,0,0
BRDA:146,9,1,0
DA:147,323492
DA:148,323492
DA:170,1
FN:170,CEIProbeToken.setVault.1
FNDA:1,CEIProbeToken.setVault.1
DA:171,1
DA:174,1
FN:174,CEIProbeToken.watch
FNDA:1,CEIProbeToken.watch
DA:175,1
DA:178,1
FN:178,CEIProbeToken.mint.3
FNDA:1,CEIProbeToken.mint.3
DA:179,1
DA:182,1
FN:182,CEIProbeToken.approve.3
FNDA:1,CEIProbeToken.approve.3
DA:183,1
DA:184,0
DA:187,1
FN:187,CEIProbeToken.transferFrom.3
FNDA:1,CEIProbeToken.transferFrom.3
DA:188,1
DA:189,1
BRDA:189,10,0,0
DA:190,1
DA:191,0
DA:194,1
FN:194,CEIProbeToken.transfer.3
FNDA:1,CEIProbeToken.transfer.3
DA:195,1
DA:197,1
DA:198,1
DA:199,1
DA:200,0
DA:203,2
FN:203,CEIProbeToken._move.1
FNDA:2,CEIProbeToken._move.1
DA:204,2
DA:205,2
BRDA:205,11,0,0
BRDA:205,11,1,0
DA:206,2
DA:207,2
DA:217,234550
FN:217,MockIntentRegistry.setUsable
FNDA:234550,MockIntentRegistry.setUsable
DA:218,234550
DA:221,143383
FN:221,MockIntentRegistry.isUsable.0
FNDA:143383,MockIntentRegistry.isUsable.0
DA:222,143383
DA:232,1
FN:232,RevertingRegistry.isUsable.1
FNDA:1,RevertingRegistry.isUsable.1
DA:233,1
DA:254,1
FN:254,GarbageReturnRegistry.isUsable.2
FNDA:1,GarbageReturnRegistry.isUsable.2
DA:255,1
FNF:27
FNH:27
LF:102
LH:96
BRF:19
BRH:2
end_of_record
