TN:
SF:src/AuthorizedWriters.sol
DA:74,528
FN:74,AuthorizedWriters.onlyWriter
FNDA:528,AuthorizedWriters.onlyWriter
DA:75,528
BRDA:75,0,0,514
DA:80,519
FN:80,AuthorizedWriters.onlyAdmin
FNDA:519,AuthorizedWriters.onlyAdmin
DA:81,519
BRDA:81,1,0,514
DA:90,340
FN:90,AuthorizedWriters.constructor
FNDA:340,AuthorizedWriters.constructor
DA:91,340
DA:92,340
DA:100,91
FN:100,AuthorizedWriters._addWriter
FNDA:91,AuthorizedWriters._addWriter
DA:101,91
BRDA:101,2,0,1
DA:102,2
BRDA:102,3,0,2
DA:103,88
DA:104,88
DA:110,4
FN:110,AuthorizedWriters._removeWriter
FNDA:4,AuthorizedWriters._removeWriter
DA:111,4
BRDA:111,4,0,1
DA:112,3
DA:113,3
DA:120,3
FN:120,AuthorizedWriters._transferAdmin
FNDA:3,AuthorizedWriters._transferAdmin
DA:121,3
BRDA:121,5,0,1
DA:122,2
DA:123,2
DA:124,2
FNF:6
FNH:6
LF:21
LH:21
BRF:6
BRH:6
end_of_record
TN:
SF:src/PolicyRegistry.sol
DA:130,261
FN:130,PolicyRegistry.onlyPolicyOwner
FNDA:261,PolicyRegistry.onlyPolicyOwner
DA:131,261
DA:132,261
BRDA:132,0,0,1
DA:133,260
BRDA:133,1,0,257
DA:152,2874
FN:152,PolicyRegistry.registerPolicy
FNDA:2874,PolicyRegistry.registerPolicy
DA:156,2874
BRDA:156,2,0,1
DA:157,2873
BRDA:157,3,0,1
DA:159,2872
DA:162,2872
BRDA:162,4,0,2
DA:164,2870
DA:165,2870
DA:168,2870
BRDA:168,5,0,1
DA:170,2869
DA:171,2869
DA:180,2869
DA:190,9
FN:190,PolicyRegistry.updatePolicy
FNDA:9,PolicyRegistry.updatePolicy
DA:194,9
BRDA:194,6,0,1
DA:196,8
DA:199,8
BRDA:199,7,0,1
DA:201,7
DA:202,7
DA:203,7
DA:205,7
DA:206,7
DA:207,7
DA:209,7
DA:217,263
FN:217,PolicyRegistry.pausePolicy
FNDA:263,PolicyRegistry.pausePolicy
DA:218,263
DA:219,263
BRDA:219,8,0,1
DA:220,262
DA:221,262
DA:229,3
FN:229,PolicyRegistry.resumePolicy
FNDA:3,PolicyRegistry.resumePolicy
DA:230,3
DA:231,3
BRDA:231,9,0,1
DA:232,2
DA:233,2
DA:239,268
FN:239,PolicyRegistry.getPolicy
FNDA:268,PolicyRegistry.getPolicy
DA:240,268
DA:241,268
BRDA:241,10,0,1
DA:242,267
DA:248,3
FN:248,PolicyRegistry.exists
FNDA:3,PolicyRegistry.exists
DA:249,3
DA:260,264
FN:260,PolicyRegistry.isUsable
FNDA:264,PolicyRegistry.isUsable
DA:261,264
DA:270,264
DA:272,264
DA:282,5731
FN:282,PolicyRegistry.previewPolicyId
FNDA:5731,PolicyRegistry.previewPolicyId
DA:283,5731
DA:289,2
FN:289,PolicyRegistry.nextPolicyId
FNDA:2,PolicyRegistry.nextPolicyId
DA:290,2
FNF:10
FNH:10
LF:50
LH:50
BRF:11
BRH:11
end_of_record
TN:
SF:src/SpendIntentRegistry.sol
DA:136,2603
FN:136,SpendIntentRegistry.registerIntent
FNDA:2603,SpendIntentRegistry.registerIntent
DA:141,2603
BRDA:141,0,0,1
DA:142,2602
BRDA:142,1,0,1
DA:143,2601
DA:145,2601
DA:149,2601
BRDA:149,2,0,2
DA:151,2599
DA:152,2599
BRDA:152,3,0,1
DA:154,2598
DA:161,2598
DA:173,11
FN:173,SpendIntentRegistry.setStatus
FNDA:11,SpendIntentRegistry.setStatus
DA:174,11
BRDA:174,4,0,2
DA:175,9
DA:176,9
DA:177,9
BRDA:177,5,0,1
DA:179,8
DA:180,8
DA:190,46
FN:190,SpendIntentRegistry.addWriter
FNDA:46,SpendIntentRegistry.addWriter
DA:191,46
DA:198,2
FN:198,SpendIntentRegistry.removeWriter
FNDA:2,SpendIntentRegistry.removeWriter
DA:199,2
DA:207,2
FN:207,SpendIntentRegistry.transferAdmin
FNDA:2,SpendIntentRegistry.transferAdmin
DA:208,2
DA:214,266
FN:214,SpendIntentRegistry.getIntent
FNDA:266,SpendIntentRegistry.getIntent
DA:215,266
DA:216,266
BRDA:216,6,0,1
DA:217,265
DA:223,2076
FN:223,SpendIntentRegistry.exists
FNDA:2076,SpendIntentRegistry.exists
DA:224,2076
DA:235,4
FN:235,SpendIntentRegistry.isExpired
FNDA:4,SpendIntentRegistry.isExpired
DA:237,4
DA:239,4
DA:250,6
FN:250,SpendIntentRegistry.isUsable
FNDA:6,SpendIntentRegistry.isUsable
DA:251,6
DA:253,6
DA:255,6
DA:264,513
FN:264,SpendIntentRegistry.previewIntentHash
FNDA:513,SpendIntentRegistry.previewIntentHash
DA:269,513
FNF:10
FNH:10
LF:38
LH:38
BRF:7
BRH:7
end_of_record
TN:
SF:src/UntchReceipts.sol
DA:233,298
FN:233,UntchReceipts.constructor
FNDA:298,UntchReceipts.constructor
DA:234,298
BRDA:234,0,0,1
DA:235,297
DA:248,2400
FN:248,UntchReceipts.logReceipts
FNDA:2400,UntchReceipts.logReceipts
DA:253,2400
DA:254,2400
BRDA:254,1,0,1
DA:256,2399
DA:257,4851
DA:258,4851
DA:278,2399
DA:279,2399
DA:290,2
FN:290,UntchReceipts.anchorScore
FNDA:2,UntchReceipts.anchorScore
DA:291,2
BRDA:291,2,0,1
DA:292,1
DA:301,3
FN:301,UntchReceipts.anchorAudit
FNDA:3,UntchReceipts.anchorAudit
DA:302,3
BRDA:302,3,0,1
DA:303,2
DA:315,317
FN:315,UntchReceipts.propose
FNDA:317,UntchReceipts.propose
DA:316,317
BRDA:316,4,0,1
DA:317,316
BRDA:317,5,0,1
DA:318,315
DA:319,315
BRDA:319,6,0,1
DA:325,314
DA:326,314
DA:327,314
DA:339,307
FN:339,UntchReceipts.execute
FNDA:307,UntchReceipts.execute
DA:340,307
DA:341,307
DA:342,307
BRDA:342,7,0,2
DA:345,305
DA:347,305
BRDA:347,8,0,257
DA:350,48
BRDA:350,9,0,45
BRDA:350,9,1,1
DA:351,3
BRDA:351,10,0,2
BRDA:351,10,1,1
DA:352,1
DA:354,48
DA:362,3
FN:362,UntchReceipts.cancel
FNDA:3,UntchReceipts.cancel
DA:363,3
DA:364,3
BRDA:364,11,0,1
DA:366,2
DA:377,634
FN:377,UntchReceipts.opId
FNDA:634,UntchReceipts.opId
DA:378,634
FNF:8
FNH:8
LF:41
LH:41
BRF:14
BRH:14
end_of_record
TN:
SF:src/UntchVault.sol
DA:288,7
FN:288,UntchVault.onlyOwner
FNDA:7,UntchVault.onlyOwner
DA:289,7
BRDA:289,0,0,1
DA:295,1317
FN:295,UntchVault.nonReentrant
FNDA:1317,UntchVault.nonReentrant
DA:296,1317
BRDA:296,1,0,1
DA:297,1316
DA:299,533
DA:303,1316
FN:303,UntchVault.whenNotPaused
FNDA:1316,UntchVault.whenNotPaused
DA:304,1
BRDA:304,2,0,1
DA:321,91
FN:321,UntchVault.constructor
FNDA:91,UntchVault.constructor
DA:331,91
BRDA:331,3,0,1
DA:332,1
DA:334,89
BRDA:334,4,0,3
DA:335,86
BRDA:335,5,0,1
DA:336,85
BRDA:336,6,0,1
DA:337,1
DA:340,84
DA:341,85
DA:342,85
BRDA:342,7,0,1
DA:343,84
DA:346,83
DA:347,83
DA:348,83
DA:349,83
DA:350,83
DA:351,83
DA:352,83
DA:355,83
DA:356,83
DA:358,83
DA:359,83
DA:361,83
DA:363,83
DA:372,85
FN:372,UntchVault.deposit
FNDA:85,UntchVault.deposit
DA:373,85
BRDA:373,8,0,1
DA:374,84
BRDA:374,9,0,1
DA:375,83
DA:376,83
DA:396,1315
FN:396,UntchVault.spend
FNDA:1315,UntchVault.spend
DA:406,1315
DA:408,1315
BRDA:408,10,0,257
DA:409,1
BRDA:409,11,0,1
DA:411,1057
DA:412,1057
DA:413,1056
BRDA:413,12,0,259
DA:415,797
BRDA:415,13,0,257
DA:416,540
DA:417,540
DA:418,540
BRDA:418,14,0,1
DA:419,539
BRDA:419,15,0,1
DA:422,538
DA:423,538
DA:424,538
DA:432,538
BRDA:432,16,0,1
DA:433,1
DA:435,533
DA:436,533
DA:451,7
FN:451,UntchVault.spendFallback
FNDA:7,UntchVault.spendFallback
DA:457,7
DA:458,7
BRDA:458,17,0,1
DA:459,6
BRDA:459,18,0,1
DA:460,5
BRDA:460,19,0,1
DA:461,4
BRDA:461,20,0,1
DA:464,3
DA:465,3
DA:466,3
BRDA:466,21,0,1
DA:469,2
DA:470,2
DA:473,2
DA:474,2
DA:484,6
FN:484,UntchVault.ownerWithdraw
FNDA:6,UntchVault.ownerWithdraw
DA:485,6
BRDA:485,22,0,1
DA:486,5
DA:487,5
DA:496,7
FN:496,UntchVault.transferOwnership
FNDA:7,UntchVault.transferOwnership
DA:497,7
DA:498,7
DA:503,6
FN:503,UntchVault.acceptOwnership
FNDA:6,UntchVault.acceptOwnership
DA:504,6
BRDA:504,23,0,3
DA:505,3
DA:506,3
DA:507,3
DA:508,3
DA:514,2
FN:514,UntchVault.setOracle
FNDA:2,UntchVault.setOracle
DA:515,2
BRDA:515,24,0,1
DA:516,1
DA:517,1
DA:518,1
DA:522,7
FN:522,UntchVault.pause
FNDA:7,UntchVault.pause
DA:523,7
DA:524,7
DA:528,2
FN:528,UntchVault.unpause
FNDA:2,UntchVault.unpause
DA:529,2
DA:530,2
DA:537,12
FN:537,UntchVault.setFallbackAllowlist
FNDA:12,UntchVault.setFallbackAllowlist
DA:538,12
BRDA:538,25,0,1
DA:539,11
DA:540,11
DA:547,2377
FN:547,UntchVault.domainSeparator
FNDA:2377,UntchVault.domainSeparator
DA:548,2377
BRDA:548,26,0,2374
DA:549,3
DA:561,1318
FN:561,UntchVault.spendDigest
FNDA:1318,UntchVault.spendDigest
DA:569,1318
DA:575,260
FN:575,UntchVault.epochOf
FNDA:260,UntchVault.epochOf
DA:576,260
DA:585,543
FN:585,UntchVault._epochView
FNDA:543,UntchVault._epochView
DA:586,543
DA:588,543
DA:593,2375
FN:593,UntchVault._spendDigest
FNDA:2375,UntchVault._spendDigest
DA:601,2375
DA:604,2375
DA:608,86
FN:608,UntchVault._buildDomainSeparator
FNDA:86,UntchVault._buildDomainSeparator
DA:609,86
DA:610,86
FNF:20
FNH:20
LF:113
LH:113
BRF:27
BRH:27
end_of_record
TN:
SF:src/lib/IntentHash.sol
DA:35,4154
FN:35,IntentHash.hashIntent
FNDA:4154,IntentHash.hashIntent
DA:36,4154
FNF:1
FNH:1
LF:2
LH:2
BRF:0
BRH:0
end_of_record
TN:
SF:test/PolicyRegistry.invariant.t.sol
DA:26,0
FN:26,PolicyRegistryHandler.constructor
FNDA:0,PolicyRegistryHandler.constructor
DA:27,0
DA:28,0
DA:31,0
FN:31,PolicyRegistryHandler.count
FNDA:0,PolicyRegistryHandler.count
DA:32,0
DA:35,0
FN:35,PolicyRegistryHandler.idAt
FNDA:0,PolicyRegistryHandler.idAt
DA:36,0
DA:39,0
FN:39,PolicyRegistryHandler._actor
FNDA:0,PolicyRegistryHandler._actor
DA:40,0
DA:43,0
FN:43,PolicyRegistryHandler._pick
FNDA:0,PolicyRegistryHandler._pick
DA:44,0
BRDA:44,0,0,-
DA:45,0
DA:48,0
FN:48,PolicyRegistryHandler.register
FNDA:0,PolicyRegistryHandler.register
DA:51,0
DA:52,0
BRDA:52,1,0,-
DA:53,0
BRDA:53,2,0,-
DA:54,0
DA:56,0
DA:57,0
DA:59,0
BRDA:59,3,0,-
DA:60,0
DA:61,0
DA:62,0
DA:66,0
FN:66,PolicyRegistryHandler.updateByOwner
FNDA:0,PolicyRegistryHandler.updateByOwner
DA:67,0
DA:68,0
BRDA:68,4,0,-
DA:69,0
BRDA:69,5,0,-
DA:70,0
DA:72,0
DA:73,0
DA:76,0
FN:76,PolicyRegistryHandler.pauseByOwner
FNDA:0,PolicyRegistryHandler.pauseByOwner
DA:77,0
DA:78,0
BRDA:78,6,0,-
DA:79,0
BRDA:79,7,0,-
DA:81,0
DA:82,0
DA:85,0
FN:85,PolicyRegistryHandler.resumeByOwner
FNDA:0,PolicyRegistryHandler.resumeByOwner
DA:86,0
DA:87,0
BRDA:87,8,0,-
DA:88,0
BRDA:88,9,0,-
DA:90,0
DA:91,0
DA:96,0
FN:96,PolicyRegistryHandler.attackMutate
FNDA:0,PolicyRegistryHandler.attackMutate
DA:103,0
DA:104,0
BRDA:104,10,0,-
DA:105,0
DA:106,0
BRDA:106,11,0,-
DA:108,0
BRDA:108,12,0,-
DA:109,0
DA:110,0
DA:112,0
DA:113,0
BRDA:113,13,0,-
BRDA:113,13,1,-
DA:114,0
BRDA:114,14,0,-
DA:115,0
DA:117,0
BRDA:117,15,0,-
BRDA:117,15,1,-
DA:118,0
BRDA:118,16,0,-
DA:119,0
DA:122,0
BRDA:122,17,0,-
DA:123,0
DA:126,0
FNF:10
FNH:0
LF:60
LH:0
BRF:20
BRH:0
end_of_record
TN:
SF:test/SpendIntentRegistry.invariant.t.sol
DA:36,0
FN:36,SpendIntentRegistryHandler.constructor
FNDA:0,SpendIntentRegistryHandler.constructor
DA:37,0
DA:38,0
DA:41,0
FN:41,SpendIntentRegistryHandler.registry
FNDA:0,SpendIntentRegistryHandler.registry
DA:42,0
DA:45,0
FN:45,SpendIntentRegistryHandler.actorAt
FNDA:0,SpendIntentRegistryHandler.actorAt
DA:46,0
DA:49,0
FN:49,SpendIntentRegistryHandler.count
FNDA:0,SpendIntentRegistryHandler.count
DA:50,0
DA:53,0
FN:53,SpendIntentRegistryHandler.hashAt
FNDA:0,SpendIntentRegistryHandler.hashAt
DA:54,0
DA:57,0
FN:57,SpendIntentRegistryHandler._actor
FNDA:0,SpendIntentRegistryHandler._actor
DA:58,0
DA:61,0
FN:61,SpendIntentRegistryHandler._pick
FNDA:0,SpendIntentRegistryHandler._pick
DA:62,0
BRDA:62,0,0,-
DA:63,0
DA:66,0
FN:66,SpendIntentRegistryHandler._mkIntent
FNDA:0,SpendIntentRegistryHandler._mkIntent
DA:71,0
DA:86,0
FN:86,SpendIntentRegistryHandler.authorizeWriter
FNDA:0,SpendIntentRegistryHandler.authorizeWriter
DA:87,0
DA:88,0
BRDA:88,1,0,-
DA:89,0
DA:90,0
DA:93,0
FN:93,SpendIntentRegistryHandler.deauthorizeWriter
FNDA:0,SpendIntentRegistryHandler.deauthorizeWriter
DA:94,0
DA:95,0
BRDA:95,2,0,-
DA:96,0
DA:97,0
DA:100,0
FN:100,SpendIntentRegistryHandler.register
FNDA:0,SpendIntentRegistryHandler.register
DA:107,0
DA:108,0
BRDA:108,3,0,-
DA:109,0
BRDA:109,4,0,-
DA:110,0
DA:112,0
DA:113,0
DA:114,0
DA:116,0
BRDA:116,5,0,-
DA:117,0
DA:118,0
DA:119,0
DA:120,0
DA:121,0
DA:125,0
FN:125,SpendIntentRegistryHandler.setStatus
FNDA:0,SpendIntentRegistryHandler.setStatus
DA:126,0
DA:127,0
BRDA:127,6,0,-
DA:128,0
DA:129,0
BRDA:129,7,0,-
DA:131,0
DA:132,0
DA:133,0
DA:137,0
FN:137,SpendIntentRegistryHandler.attackRegister
FNDA:0,SpendIntentRegistryHandler.attackRegister
DA:140,0
DA:141,0
BRDA:141,8,0,-
DA:142,0
BRDA:142,9,0,-
DA:143,0
DA:144,0
DA:146,0
DA:147,0
DA:148,0
BRDA:148,10,0,-
DA:149,0
DA:154,0
FN:154,SpendIntentRegistryHandler.attackSetStatus
FNDA:0,SpendIntentRegistryHandler.attackSetStatus
DA:155,0
DA:156,0
BRDA:156,11,0,-
DA:157,0
DA:158,0
BRDA:158,12,0,-
DA:159,0
DA:160,0
DA:162,0
DA:163,0
BRDA:163,13,0,-
DA:164,0
FNF:14
FNH:0
LF:70
LH:0
BRF:14
BRH:0
end_of_record
TN:
SF:test/UntchReceipts.invariant.t.sol
DA:47,0
FN:47,UntchReceiptsHandler.constructor
FNDA:0,UntchReceiptsHandler.constructor
DA:48,0
DA:49,0
DA:50,0
DA:53,0
FN:53,UntchReceiptsHandler.receipts
FNDA:0,UntchReceiptsHandler.receipts
DA:54,0
DA:57,0
FN:57,UntchReceiptsHandler.actorAt
FNDA:0,UntchReceiptsHandler.actorAt
DA:58,0
DA:61,0
FN:61,UntchReceiptsHandler.opCount
FNDA:0,UntchReceiptsHandler.opCount
DA:62,0
DA:65,0
FN:65,UntchReceiptsHandler.opIdAt
FNDA:0,UntchReceiptsHandler.opIdAt
DA:66,0
DA:69,0
FN:69,UntchReceiptsHandler._actor
FNDA:0,UntchReceiptsHandler._actor
DA:70,0
DA:76,0
FN:76,UntchReceiptsHandler._op
FNDA:0,UntchReceiptsHandler._op
DA:81,0
DA:82,0
DA:83,0
DA:86,0
FN:86,UntchReceiptsHandler._recordProposed
FNDA:0,UntchReceiptsHandler._recordProposed
DA:87,0
DA:88,0
BRDA:88,0,0,-
DA:89,0
DA:90,0
DA:96,0
FN:96,UntchReceiptsHandler.proposeOp
FNDA:0,UntchReceiptsHandler.proposeOp
DA:97,0
DA:98,0
BRDA:98,1,0,-
DA:99,0
DA:103,0
FN:103,UntchReceiptsHandler.executeOp
FNDA:0,UntchReceiptsHandler.executeOp
DA:104,0
DA:105,0
DA:106,0
DA:109,0
DA:110,0
BRDA:110,2,0,-
DA:112,0
BRDA:112,3,0,-
DA:115,0
BRDA:115,4,0,-
DA:116,0
DA:117,0
BRDA:117,5,0,-
BRDA:117,5,1,-
DA:118,0
BRDA:118,6,0,-
DA:119,0
DA:123,0
FN:123,UntchReceiptsHandler.cancelOp
FNDA:0,UntchReceiptsHandler.cancelOp
DA:124,0
DA:125,0
DA:126,0
BRDA:126,7,0,-
DA:127,0
DA:131,0
FN:131,UntchReceiptsHandler.warpTime
FNDA:0,UntchReceiptsHandler.warpTime
DA:132,0
DA:134,0
DA:139,0
FN:139,UntchReceiptsHandler.logBatch
FNDA:0,UntchReceiptsHandler.logBatch
DA:140,0
DA:141,0
BRDA:141,8,0,-
DA:142,0
DA:143,0
DA:144,0
DA:145,0
DA:147,0
DA:148,0
DA:149,0
DA:158,0
FN:158,UntchReceiptsHandler.happyPath
FNDA:0,UntchReceiptsHandler.happyPath
DA:159,0
DA:160,0
BRDA:160,9,0,-
DA:161,0
DA:162,0
BRDA:162,10,0,-
DA:163,0
DA:164,0
DA:166,0
DA:167,0
DA:168,0
BRDA:168,11,0,-
DA:169,0
DA:170,0
DA:172,0
DA:173,0
BRDA:173,12,0,-
DA:174,0
DA:175,0
DA:176,0
DA:178,0
DA:180,0
DA:181,0
DA:182,0
DA:183,0
DA:188,0
FN:188,UntchReceiptsHandler.attackNonWriterLog
FNDA:0,UntchReceiptsHandler.attackNonWriterLog
DA:189,0
DA:190,0
BRDA:190,13,0,-
DA:191,0
DA:192,0
DA:193,0
BRDA:193,14,0,-
DA:194,0
DA:203,0
FN:203,UntchReceiptsHandler.attackExecuteImmediately
FNDA:0,UntchReceiptsHandler.attackExecuteImmediately
DA:204,0
DA:205,0
DA:206,0
BRDA:206,15,0,-
DA:207,0
DA:208,0
DA:210,0
DA:211,0
DA:212,0
DA:213,0
BRDA:213,16,0,-
DA:215,0
BRDA:215,17,0,-
BRDA:215,17,1,-
DA:216,0
DA:218,0
DA:219,0
DA:224,0
FN:224,UntchReceiptsHandler.attackNonAdminTimelock
FNDA:0,UntchReceiptsHandler.attackNonAdminTimelock
DA:225,0
DA:226,0
BRDA:226,18,0,-
DA:227,0
DA:228,0
DA:229,0
BRDA:229,19,0,-
DA:230,0
DA:232,0
DA:233,0
BRDA:233,20,0,-
DA:234,0
FNF:17
FNH:0
LF:110
LH:0
BRF:23
BRH:0
end_of_record
TN:
SF:test/UntchVault.invariant.t.sol
DA:58,0
FN:58,UntchVaultHandler.constructor
FNDA:0,UntchVaultHandler.constructor
DA:59,0
DA:60,0
DA:61,0
DA:63,0
DA:64,0
DA:65,0
DA:75,0
DA:76,0
DA:77,0
DA:78,0
DA:79,0
DA:82,0
FN:82,UntchVaultHandler._freshNonce
FNDA:0,UntchVaultHandler._freshNonce
DA:83,0
DA:86,0
FN:86,UntchVaultHandler._sign
FNDA:0,UntchVaultHandler._sign
DA:93,0
DA:96,0
DA:97,0
DA:105,0
FN:105,UntchVaultHandler.legitSpend
FNDA:0,UntchVaultHandler.legitSpend
DA:106,0
DA:107,0
DA:108,0
DA:109,0
DA:110,0
DA:111,0
DA:113,0
DA:116,0
DA:118,0
BRDA:118,0,0,-
DA:119,0
DA:120,0
DA:121,0
BRDA:121,0,1,-
DA:122,0
DA:126,0
FN:126,UntchVaultHandler.legitFallback
FNDA:0,UntchVaultHandler.legitFallback
DA:127,0
DA:128,0
DA:129,0
BRDA:129,1,0,-
DA:130,0
DA:131,0
DA:135,0
FN:135,UntchVaultHandler.legitWithdraw
FNDA:0,UntchVaultHandler.legitWithdraw
DA:136,0
DA:137,0
BRDA:137,2,0,-
DA:138,0
DA:139,0
DA:140,0
DA:141,0
DA:144,0
FN:144,UntchVaultHandler.warpTime
FNDA:0,UntchVaultHandler.warpTime
DA:145,0
DA:147,0
DA:150,0
FN:150,UntchVaultHandler.togglePause
FNDA:0,UntchVaultHandler.togglePause
DA:151,0
BRDA:151,3,0,-
BRDA:151,3,1,-
DA:152,0
BRDA:152,4,0,-
DA:154,0
BRDA:154,5,0,-
DA:160,0
FN:160,UntchVaultHandler.attackBadSigner
FNDA:0,UntchVaultHandler.attackBadSigner
DA:161,0
DA:162,0
DA:163,0
BRDA:163,6,0,-
DA:164,0
DA:165,0
DA:166,0
DA:167,0
DA:168,0
DA:169,0
DA:170,0
DA:171,0
BRDA:171,7,0,-
DA:174,0
DA:178,0
FN:178,UntchVaultHandler.attackOverCap
FNDA:0,UntchVaultHandler.attackOverCap
DA:179,0
DA:180,0
DA:181,0
DA:182,0
DA:183,0
DA:184,0
DA:185,0
DA:186,0
BRDA:186,8,0,-
DA:187,0
DA:191,0
FN:191,UntchVaultHandler.attackUnapprovedIntent
FNDA:0,UntchVaultHandler.attackUnapprovedIntent
DA:192,0
DA:193,0
DA:194,0
DA:195,0
DA:196,0
DA:197,0
DA:198,0
BRDA:198,9,0,-
DA:199,0
DA:203,0
FN:203,UntchVaultHandler.attackNonOwnerWithdraw
FNDA:0,UntchVaultHandler.attackNonOwnerWithdraw
DA:204,0
DA:205,0
DA:206,0
DA:207,0
BRDA:207,10,0,-
DA:208,0
DA:212,0
FN:212,UntchVaultHandler.attackNonOwnerFallback
FNDA:0,UntchVaultHandler.attackNonOwnerFallback
DA:213,0
DA:214,0
DA:215,0
DA:216,0
BRDA:216,11,0,-
DA:217,0
DA:227,0
FN:227,UntchVaultHandler.happyPath
FNDA:0,UntchVaultHandler.happyPath
DA:229,0
DA:230,0
BRDA:230,12,0,-
DA:233,0
BRDA:233,13,0,-
DA:234,0
DA:235,0
BRDA:235,14,0,-
DA:236,0
DA:237,0
DA:242,0
DA:243,0
DA:244,0
DA:245,0
DA:246,0
DA:247,0
DA:248,0
DA:251,0
DA:252,0
DA:253,0
DA:254,0
DA:257,0
DA:258,0
DA:259,0
BRDA:259,15,0,-
DA:260,0
DA:261,0
DA:262,0
DA:263,0
DA:265,0
DA:268,0
DA:269,0
DA:270,0
DA:271,0
FNF:14
FNH:0
LF:127
LH:0
BRF:18
BRH:0
end_of_record
TN:
SF:test/mocks/VaultMocks.sol
DA:21,82
FN:21,MockERC20.mint.0
FNDA:82,MockERC20.mint.0
DA:22,82
DA:23,82
DA:24,82
DA:27,81
FN:27,MockERC20.approve.0
FNDA:81,MockERC20.approve.0
DA:28,81
DA:29,81
DA:30,81
DA:33,537
FN:33,MockERC20.transfer.0
FNDA:537,MockERC20.transfer.0
DA:34,537
DA:35,537
DA:38,80
FN:38,MockERC20.transferFrom.0
FNDA:80,MockERC20.transferFrom.0
DA:39,80
DA:40,80
BRDA:40,0,0,0
BRDA:40,0,1,0
DA:41,80
BRDA:41,1,0,1
DA:42,80
DA:43,80
DA:46,617
FN:46,MockERC20._transfer
FNDA:617,MockERC20._transfer
DA:47,617
DA:48,617
BRDA:48,2,0,0
BRDA:48,2,1,0
DA:49,617
DA:50,617
DA:51,617
DA:63,1
FN:63,MockERC20NoReturn.mint.1
FNDA:1,MockERC20NoReturn.mint.1
DA:64,1
DA:67,1
FN:67,MockERC20NoReturn.approve.1
FNDA:1,MockERC20NoReturn.approve.1
DA:68,1
DA:71,1
FN:71,MockERC20NoReturn.transfer.1
FNDA:1,MockERC20NoReturn.transfer.1
DA:72,1
DA:73,1
BRDA:73,3,0,0
BRDA:73,3,1,0
DA:74,1
DA:75,1
DA:78,1
FN:78,MockERC20NoReturn.transferFrom.1
FNDA:1,MockERC20NoReturn.transferFrom.1
DA:79,1
DA:80,1
BRDA:80,4,0,0
BRDA:80,4,1,0
DA:81,1
DA:82,1
DA:83,1
BRDA:83,5,0,0
BRDA:83,5,1,0
DA:84,1
DA:85,1
DA:107,1
FN:107,ReentrantToken.setVault.0
FNDA:1,ReentrantToken.setVault.0
DA:108,1
DA:111,1
FN:111,ReentrantToken.arm
FNDA:1,ReentrantToken.arm
DA:112,1
DA:113,1
DA:116,1
FN:116,ReentrantToken.mint.2
FNDA:1,ReentrantToken.mint.2
DA:117,1
DA:120,1
FN:120,ReentrantToken.approve.2
FNDA:1,ReentrantToken.approve.2
DA:121,1
DA:122,0
DA:125,1
FN:125,ReentrantToken.transferFrom.2
FNDA:1,ReentrantToken.transferFrom.2
DA:126,1
DA:127,1
BRDA:127,6,0,0
DA:128,1
DA:129,0
DA:132,1
FN:132,ReentrantToken.transfer.2
FNDA:1,ReentrantToken.transfer.2
DA:133,1
DA:134,1
BRDA:134,7,0,1
DA:135,1
DA:136,1
DA:137,1
DA:138,1
DA:139,0
BRDA:139,8,0,-
DA:141,1
DA:144,2
FN:144,ReentrantToken._move.0
FNDA:2,ReentrantToken._move.0
DA:145,2
DA:146,2
BRDA:146,9,0,0
BRDA:146,9,1,0
DA:147,2
DA:148,2
DA:170,1
FN:170,CEIProbeToken.setVault.1
FNDA:1,CEIProbeToken.setVault.1
DA:171,1
DA:174,1
FN:174,CEIProbeToken.watch
FNDA:1,CEIProbeToken.watch
DA:175,1
DA:178,1
FN:178,CEIProbeToken.mint.3
FNDA:1,CEIProbeToken.mint.3
DA:179,1
DA:182,1
FN:182,CEIProbeToken.approve.3
FNDA:1,CEIProbeToken.approve.3
DA:183,1
DA:184,0
DA:187,1
FN:187,CEIProbeToken.transferFrom.3
FNDA:1,CEIProbeToken.transferFrom.3
DA:188,1
DA:189,1
BRDA:189,10,0,0
DA:190,1
DA:191,0
DA:194,1
FN:194,CEIProbeToken.transfer.3
FNDA:1,CEIProbeToken.transfer.3
DA:195,1
DA:197,1
DA:198,1
DA:199,1
DA:200,0
DA:203,2
FN:203,CEIProbeToken._move.1
FNDA:2,CEIProbeToken._move.1
DA:204,2
DA:205,2
BRDA:205,11,0,0
BRDA:205,11,1,0
DA:206,2
DA:207,2
DA:217,1305
FN:217,MockIntentRegistry.setUsable
FNDA:1305,MockIntentRegistry.setUsable
DA:218,1305
DA:221,530
FN:221,MockIntentRegistry.isUsable.0
FNDA:530,MockIntentRegistry.isUsable.0
DA:222,530
DA:232,1
FN:232,RevertingRegistry.isUsable.1
FNDA:1,RevertingRegistry.isUsable.1
DA:233,1
DA:254,1
FN:254,GarbageReturnRegistry.isUsable.2
FNDA:1,GarbageReturnRegistry.isUsable.2
DA:255,1
FNF:27
FNH:27
LF:102
LH:96
BRF:19
BRH:2
end_of_record
